mode: set
personal/go-proxy-service/app/repository/store_impl/store_impl.go:13.29,17.2 1 1
personal/go-proxy-service/app/repository/store_impl/store_impl.go:19.58,20.30 1 1
personal/go-proxy-service/app/repository/store_impl/store_impl.go:25.2,25.26 1 1
personal/go-proxy-service/app/repository/store_impl/store_impl.go:20.30,22.3 1 1
personal/go-proxy-service/app/repository/store_impl/store_impl.go:22.8,24.3 1 1
personal/go-proxy-service/app/repository/store_impl/store_impl.go:28.45,30.2 1 1
personal/go-proxy-service/app/repository/store_impl/task_repo_impl.go:33.79,36.16 2 1
personal/go-proxy-service/app/repository/store_impl/task_repo_impl.go:39.2,41.37 3 1
personal/go-proxy-service/app/repository/store_impl/task_repo_impl.go:45.2,49.18 3 1
personal/go-proxy-service/app/repository/store_impl/task_repo_impl.go:36.16,38.3 1 0
personal/go-proxy-service/app/repository/store_impl/task_repo_impl.go:41.37,44.3 2 0
personal/go-proxy-service/app/repository/store_impl/task_repo_impl.go:53.81,56.16 2 1
personal/go-proxy-service/app/repository/store_impl/task_repo_impl.go:60.2,62.32 3 1
personal/go-proxy-service/app/repository/store_impl/task_repo_impl.go:69.2,69.37 1 1
personal/go-proxy-service/app/repository/store_impl/task_repo_impl.go:74.2,76.12 2 1
personal/go-proxy-service/app/repository/store_impl/task_repo_impl.go:56.16,58.3 1 0
personal/go-proxy-service/app/repository/store_impl/task_repo_impl.go:62.32,64.3 1 1
personal/go-proxy-service/app/repository/store_impl/task_repo_impl.go:64.8,64.40 1 1
personal/go-proxy-service/app/repository/store_impl/task_repo_impl.go:64.40,67.3 1 1
personal/go-proxy-service/app/repository/store_impl/task_repo_impl.go:69.37,72.3 2 0
personal/go-proxy-service/app/repository/store_impl/task_repo_impl.go:79.67,85.16 4 1
personal/go-proxy-service/app/repository/store_impl/task_repo_impl.go:89.2,89.18 1 1
personal/go-proxy-service/app/repository/store_impl/task_repo_impl.go:85.16,87.3 1 0
personal/go-proxy-service/app/server/task_handler.go:11.61,12.54 1 1
personal/go-proxy-service/app/server/task_handler.go:12.54,14.63 2 1
personal/go-proxy-service/app/server/task_handler.go:18.3,19.17 2 1
personal/go-proxy-service/app/server/task_handler.go:14.63,17.4 2 1
personal/go-proxy-service/app/server/task_handler.go:19.17,22.4 2 1
personal/go-proxy-service/app/server/task_handler.go:22.9,24.4 1 1
personal/go-proxy-service/app/server/task_handler.go:28.58,29.54 1 1
personal/go-proxy-service/app/server/task_handler.go:29.54,35.17 5 1
personal/go-proxy-service/app/server/task_handler.go:35.17,37.4 1 1
personal/go-proxy-service/app/server/task_handler.go:37.9,39.4 1 1
personal/go-proxy-service/app/server/task_routes.go:5.30,10.2 2 0
personal/go-proxy-service/app/server/server.go:19.57,28.2 3 0
personal/go-proxy-service/app/server/server.go:30.70,36.2 3 0
personal/go-proxy-service/app/server/server.go:38.38,52.2 9 0
personal/go-proxy-service/app/server/server.go:59.72,61.2 1 1
personal/go-proxy-service/app/server/server.go:63.81,64.17 1 1
personal/go-proxy-service/app/server/server.go:64.17,68.3 3 1
personal/go-proxy-service/app/server/server.go:68.8,70.3 1 0
personal/go-proxy-service/app/server/server.go:73.56,74.71 1 0
personal/go-proxy-service/app/server/server.go:74.71,77.3 2 0
